info: Server running on ha ha http://localhost:3055 {"timestamp":"2025-05-08T04:17:15.730Z"}
info: POST /v1/api/shop/login {"timestamp":"2025-05-08T04:17:16.483Z"}
info: Home route hit {"timestamp":"2025-05-08T04:17:16.500Z"}
info: Server running on ha ha http://localhost:3055 {"timestamp":"2025-05-08T04:18:20.314Z"}
info: Server running on ha ha http://localhost:3055 {"timestamp":"2025-05-08T04:18:37.480Z"}
info: Server running on ha ha http://localhost:3055 {"timestamp":"2025-05-08T04:25:52.324Z"}
info: POST /v1/api/shop/login {"timestamp":"2025-05-08T04:26:00.143Z"}
info: Home route hit {"timestamp":"2025-05-08T04:26:00.162Z"}
info: Server running on ha ha http://localhost:3055 {"timestamp":"2025-05-08T05:52:50.629Z"}
info: Server running on ha ha http://localhost:3055 {"timestamp":"2025-05-08T06:05:42.513Z"}
info: Server running on ha ha http://localhost:3055 {"timestamp":"2025-05-08T06:36:28.934Z"}
info: Server running on ha ha http://localhost:3055 {"timestamp":"2025-05-08T06:49:39.906Z"}
info: Server running on ha ha http://localhost:3055 {"timestamp":"2025-05-08T06:50:52.705Z"}
info: Server running on ha ha http://localhost:3055 {"timestamp":"2025-05-08T06:53:06.929Z"}
info: Server running on ha ha http://localhost:3055 {"timestamp":"2025-05-08T06:53:09.036Z"}
info: Server running on ha ha http://localhost:3055 {"timestamp":"2025-05-08T06:53:26.734Z"}
info: Server running on ha ha http://localhost:3055 {"timestamp":"2025-05-08T06:53:30.362Z"}
info: Server running on ha ha http://localhost:3055 {"timestamp":"2025-05-08T06:53:34.517Z"}
info: Server running on ha ha http://localhost:3055 {"timestamp":"2025-05-08T08:28:31.804Z"}
info: Server running on ha ha http://localhost:3055 {"timestamp":"2025-05-08T08:28:34.048Z"}
info: Server running on ha ha http://localhost:3055 {"timestamp":"2025-05-08T08:28:51.931Z"}
info: Server running on ha ha http://localhost:3055 {"timestamp":"2025-05-08T08:28:55.596Z"}
info: Server running on ha ha http://localhost:3055 {"timestamp":"2025-05-08T09:26:27.164Z"}
info: Server running on ha ha http://localhost:3055 {"timestamp":"2025-05-08T09:26:49.054Z"}
info: Server running on ha ha http://localhost:3055 {"timestamp":"2025-05-08T09:26:56.931Z"}
info: Server running on ha ha http://localhost:3055 {"timestamp":"2025-05-08T09:27:13.392Z"}
info: Server running on ha ha http://localhost:3055 {"timestamp":"2025-05-08T09:27:24.252Z"}
info: Server running on ha ha http://localhost:3055 {"timestamp":"2025-05-08T09:27:37.470Z"}
info: Server running on ha ha http://localhost:3055 {"timestamp":"2025-05-08T09:28:32.999Z"}
info: Server running on ha ha http://localhost:3055 {"timestamp":"2025-05-08T09:28:35.128Z"}
info: Server running on ha ha http://localhost:3055 {"timestamp":"2025-05-08T09:30:56.226Z"}
info: Server running on ha ha http://localhost:3055 {"timestamp":"2025-05-08T09:40:48.175Z"}
info: Server running on ha ha http://localhost:3055 {"timestamp":"2025-05-08T09:41:08.708Z"}
info: Server running on ha ha http://localhost:3055 {"timestamp":"2025-05-08T09:44:00.859Z"}
info: Server running on ha ha http://localhost:3055 {"timestamp":"2025-05-08T09:44:44.937Z"}
info: Server running on ha ha http://localhost:3055 {"timestamp":"2025-05-08T09:45:25.266Z"}
info: POST /v1/api/shop/login {"timestamp":"2025-05-08T09:48:26.677Z"}
info: Home route hit {"timestamp":"2025-05-08T09:48:26.705Z"}
info: Server running on ha ha http://localhost:3055 {"timestamp":"2025-05-08T09:48:28.999Z"}
info: POST /v1/api/shop/login {"timestamp":"2025-05-08T09:48:36.711Z"}
info: Home route hit {"timestamp":"2025-05-08T09:48:36.733Z"}
info: POST /v1/api/shop/login {"timestamp":"2025-05-08T09:48:51.277Z"}
info: Home route hit {"timestamp":"2025-05-08T09:48:51.283Z"}
info: POST /v1/api/shop/login {"timestamp":"2025-05-08T09:49:04.840Z"}
info: Home route hit {"timestamp":"2025-05-08T09:49:04.845Z"}
info: POST /v1/api/shop/logout {"timestamp":"2025-05-08T09:49:11.281Z"}
info: Server running on ha ha http://localhost:3055 {"timestamp":"2025-05-08T09:49:43.445Z"}
info: POST /v1/api/shop/logout {"timestamp":"2025-05-08T09:49:43.595Z"}
info: Server running on ha ha http://localhost:3055 {"timestamp":"2025-05-08T09:52:35.231Z"}
info: Server running on ha ha http://localhost:3055 {"timestamp":"2025-05-08T09:53:24.320Z"}
info: Server running on ha ha http://localhost:3055 {"timestamp":"2025-05-08T09:53:29.614Z"}
info: POST /v1/api/shop/logout {"timestamp":"2025-05-08T09:53:55.699Z"}
info: POST /v1/api/shop/login {"timestamp":"2025-05-08T09:56:02.281Z"}
info: Home route hit {"timestamp":"2025-05-08T09:56:02.288Z"}
info: POST /v1/api/shop/logout {"timestamp":"2025-05-08T09:56:15.426Z"}
info: Server running on ha ha http://localhost:3055 {"timestamp":"2025-05-08T09:58:34.332Z"}
info: POST /v1/api/shop/logout {"timestamp":"2025-05-08T09:58:37.026Z"}
info: Server running on ha ha http://localhost:3055 {"timestamp":"2025-05-08T09:58:50.180Z"}
info: Server running on ha ha http://localhost:3055 {"timestamp":"2025-05-08T09:59:45.188Z"}
info: POST /v1/api/shop/logout {"timestamp":"2025-05-08T09:59:48.675Z"}
info: Server running on ha ha http://localhost:3055 {"timestamp":"2025-05-08T10:00:58.964Z"}
info: Server running on ha ha http://localhost:3055 {"timestamp":"2025-05-08T10:01:02.927Z"}
info: POST /v1/api/shop/login {"timestamp":"2025-05-08T10:12:44.858Z"}
info: Home route hit {"timestamp":"2025-05-08T10:12:44.880Z"}
info: POST /v1/api/shop/logout {"timestamp":"2025-05-08T10:13:44.726Z"}
info: POST /v1/api/shop/logout {"timestamp":"2025-05-08T10:13:55.837Z"}
info: POST /v1/api/shop/logout {"timestamp":"2025-05-08T10:14:12.441Z"}
info: POST /v1/api/shop/login {"timestamp":"2025-05-08T10:14:17.836Z"}
info: Home route hit {"timestamp":"2025-05-08T10:14:17.841Z"}
info: POST /v1/api/shop/logout {"timestamp":"2025-05-08T10:14:25.867Z"}
info: POST /v1/api/shop/login {"timestamp":"2025-05-08T10:15:10.376Z"}
info: Home route hit {"timestamp":"2025-05-08T10:15:10.380Z"}
info: POST /v1/api/shop/logout {"timestamp":"2025-05-08T10:16:16.732Z"}
info: POST /v1/api/shop/login {"timestamp":"2025-05-08T10:17:01.861Z"}
info: Home route hit {"timestamp":"2025-05-08T10:17:01.866Z"}
info: POST /v1/api/shop/logout {"timestamp":"2025-05-08T10:17:22.938Z"}
info: Server running on ha ha http://localhost:3055 {"timestamp":"2025-05-08T10:18:47.341Z"}
info: POST /v1/api/shop/login {"timestamp":"2025-05-08T10:18:49.147Z"}
info: Home route hit {"timestamp":"2025-05-08T10:18:49.165Z"}
info: POST /v1/api/shop/logout {"timestamp":"2025-05-08T10:19:04.355Z"}
info: Server running on ha ha http://localhost:3055 {"timestamp":"2025-05-08T10:28:33.517Z"}
info: Server running on ha ha http://localhost:3055 {"timestamp":"2025-05-08T10:28:35.501Z"}
info: Server running on ha ha http://localhost:3055 {"timestamp":"2025-05-08T10:46:15.143Z"}
info: Server running on ha ha http://localhost:3055 {"timestamp":"2025-05-08T10:50:15.188Z"}
info: Server running on ha ha http://localhost:3055 {"timestamp":"2025-05-08T10:54:15.200Z"}
info: Server running on ha ha http://localhost:3055 {"timestamp":"2025-05-08T11:02:15.207Z"}
info: Server running on ha ha http://localhost:3055 {"timestamp":"2025-05-08T11:11:31.653Z"}
info: POST /v1/api/shop/login {"timestamp":"2025-05-08T11:11:38.276Z"}
info: Home route hit {"timestamp":"2025-05-08T11:11:38.296Z"}
info: Server running on ha ha http://localhost:3055 {"timestamp":"2025-05-08T11:11:40.365Z"}
info: POST /v1/api/shop/login {"timestamp":"2025-05-08T11:11:46.302Z"}
info: Home route hit {"timestamp":"2025-05-08T11:11:46.321Z"}
info: POST /v1/api/shop/logout {"timestamp":"2025-05-08T11:11:54.866Z"}
info: Server running on ha ha http://localhost:3055 {"timestamp":"2025-05-08T11:13:22.791Z"}
info: POST /v1/api/shop/login {"timestamp":"2025-05-08T11:13:27.460Z"}
info: Home route hit {"timestamp":"2025-05-08T11:13:27.478Z"}
info: POST /v1/api/shop/logout {"timestamp":"2025-05-08T11:13:34.746Z"}
info: Server running on ha ha http://localhost:3055 {"timestamp":"2025-05-08T11:20:15.303Z"}
info: Server running on ha ha http://localhost:3055 {"timestamp":"2025-05-08T11:28:33.631Z"}
info: Server running on ha ha http://localhost:3055 {"timestamp":"2025-05-08T11:28:35.616Z"}
info: Server running on ha ha http://localhost:3055 {"timestamp":"2025-05-08T11:46:15.356Z"}
info: Server running on ha ha http://localhost:3055 {"timestamp":"2025-05-08T11:50:15.368Z"}
info: Server running on ha ha http://localhost:3055 {"timestamp":"2025-05-08T12:02:15.442Z"}
info: Server running on ha ha http://localhost:3055 {"timestamp":"2025-05-08T12:14:15.472Z"}
info: Server running on ha ha http://localhost:3055 {"timestamp":"2025-05-08T12:20:15.465Z"}
info: Server running on ha ha http://localhost:3055 {"timestamp":"2025-05-08T12:28:33.739Z"}
info: Server running on ha ha http://localhost:3055 {"timestamp":"2025-05-08T12:28:35.733Z"}
info: Server running on ha ha http://localhost:3055 {"timestamp":"2025-05-08T12:46:15.584Z"}
info: Server running on ha ha http://localhost:3055 {"timestamp":"2025-05-08T12:50:15.601Z"}
info: Server running on ha ha http://localhost:3055 {"timestamp":"2025-05-09T00:48:24.105Z"}
info: Server running on ha ha http://localhost:3055 {"timestamp":"2025-05-09T00:48:26.210Z"}
info: Server running on ha ha http://localhost:3055 {"timestamp":"2025-05-09T00:53:01.909Z"}
info: Server running on ha ha http://localhost:3055 {"timestamp":"2025-05-09T01:01:41.117Z"}
info: Server running on ha ha http://localhost:3055 {"timestamp":"2025-05-09T01:14:47.787Z"}
info: Server running on ha ha http://localhost:3055 {"timestamp":"2025-05-09T01:28:13.252Z"}
info: Server running on ha ha http://localhost:3055 {"timestamp":"2025-05-09T03:35:25.847Z"}
info: Server running on ha ha http://localhost:3055 {"timestamp":"2025-05-09T03:35:27.849Z"}
info: Server running on ha ha http://localhost:3055 {"timestamp":"2025-05-09T03:40:42.588Z"}
info: Server running on ha ha http://localhost:3055 {"timestamp":"2025-05-09T03:42:18.194Z"}
info: Server running on ha ha http://localhost:3055 {"timestamp":"2025-05-09T03:51:54.050Z"}
info: Server running on ha ha http://localhost:3055 {"timestamp":"2025-05-09T03:52:51.740Z"}
info: Server running on ha ha http://localhost:3055 {"timestamp":"2025-05-09T03:55:52.315Z"}
info: Server running on ha ha http://localhost:3055 {"timestamp":"2025-05-09T03:58:43.679Z"}
info: Server running on ha ha http://localhost:3055 {"timestamp":"2025-05-09T03:59:04.128Z"}
info: Server running on ha ha http://localhost:3055 {"timestamp":"2025-05-09T04:00:13.995Z"}
info: Server running on ha ha http://localhost:3055 {"timestamp":"2025-05-09T04:02:11.230Z"}
info: Server running on ha ha http://localhost:3055 {"timestamp":"2025-05-09T04:02:15.150Z"}
info: Server running on ha ha http://localhost:3055 {"timestamp":"2025-05-09T04:04:07.208Z"}
info: Server running on ha ha http://localhost:3055 {"timestamp":"2025-05-09T04:04:32.181Z"}
info: Server running on ha ha http://localhost:3055 {"timestamp":"2025-05-09T04:05:02.638Z"}
info: Server running on ha ha http://localhost:3055 {"timestamp":"2025-05-09T04:09:27.856Z"}
info: Server running on ha ha http://localhost:3055 {"timestamp":"2025-05-09T04:12:13.779Z"}
info: Server running on ha ha http://localhost:3055 {"timestamp":"2025-05-09T04:12:58.867Z"}
info: Server running on ha ha http://localhost:3055 {"timestamp":"2025-05-09T04:25:00.903Z"}
info: Server running on ha ha http://localhost:3055 {"timestamp":"2025-05-09T06:38:49.391Z"}
info: Server running on ha ha http://localhost:3055 {"timestamp":"2025-05-09T06:38:51.763Z"}
info: Server running on ha ha http://localhost:3055 {"timestamp":"2025-05-09T06:42:20.903Z"}
info: Server running on ha ha http://localhost:3055 {"timestamp":"2025-05-09T06:45:08.968Z"}
info: Server running on ha ha http://localhost:3055 {"timestamp":"2025-05-09T06:45:16.439Z"}
info: Server running on ha ha http://localhost:3055 {"timestamp":"2025-05-09T06:47:09.686Z"}
info: POST /v1/api/shop/login {"timestamp":"2025-05-09T06:56:04.946Z"}
info: Home route hit {"timestamp":"2025-05-09T06:56:05.021Z"}
info: Server running on ha ha http://localhost:3055 {"timestamp":"2025-05-09T06:56:07.573Z"}
info: POST /v1/api/shop/login {"timestamp":"2025-05-09T06:56:25.753Z"}
info: Home route hit {"timestamp":"2025-05-09T06:56:25.772Z"}
info: POST /v1/api/shop/logout {"timestamp":"2025-05-09T06:59:45.766Z"}
info: POST /v1/api/shop/login {"timestamp":"2025-05-09T07:00:02.196Z"}
info: Home route hit {"timestamp":"2025-05-09T07:00:02.200Z"}
info: POST /v1/api/shop/handlerRefreshToken {"timestamp":"2025-05-09T07:01:57.013Z"}
info: Server running on ha ha http://localhost:3055 {"timestamp":"2025-05-09T07:02:59.919Z"}
info: POST /v1/api/shop/handlerRefreshToken {"timestamp":"2025-05-09T07:03:02.530Z"}
info: Server running on ha ha http://localhost:3055 {"timestamp":"2025-05-09T07:05:41.007Z"}
info: POST /v1/api/shop/handlerRefreshToken {"timestamp":"2025-05-09T07:05:41.666Z"}
info: POST /v1/api/shop/handlerRefreshToken {"timestamp":"2025-05-09T07:05:45.109Z"}
info: POST /v1/api/shop/login {"timestamp":"2025-05-09T07:07:06.951Z"}
info: Home route hit {"timestamp":"2025-05-09T07:07:06.957Z"}
info: POST /v1/api/shop/login {"timestamp":"2025-05-09T07:07:23.222Z"}
info: Home route hit {"timestamp":"2025-05-09T07:07:23.227Z"}
info: POST /v1/api/shop/handlerRefreshToken {"timestamp":"2025-05-09T07:07:56.674Z"}
info: Server running on ha ha http://localhost:3055 {"timestamp":"2025-05-09T07:08:55.093Z"}
info: Server running on ha ha http://localhost:3055 {"timestamp":"2025-05-09T07:10:43.293Z"}
info: POST /v1/api/shop/handlerRefreshToken {"timestamp":"2025-05-09T07:10:47.716Z"}
info: Server running on ha ha http://localhost:3055 {"timestamp":"2025-05-09T07:12:38.061Z"}
info: Server running on ha ha http://localhost:3055 {"timestamp":"2025-05-09T07:12:42.961Z"}
info: POST /v1/api/shop/handlerRefreshToken {"timestamp":"2025-05-09T07:12:43.202Z"}
info: POST /v1/api/shop/handlerRefreshToken {"timestamp":"2025-05-09T07:12:45.184Z"}
info: Server running on ha ha http://localhost:3055 {"timestamp":"2025-05-09T07:13:08.746Z"}
info: POST /v1/api/shop/handlerRefreshToken {"timestamp":"2025-05-09T07:13:12.298Z"}
info: Server running on ha ha http://localhost:3055 {"timestamp":"2025-05-09T07:14:36.129Z"}
info: POST /v1/api/shop/handlerRefreshToken {"timestamp":"2025-05-09T07:14:38.707Z"}
info: Server running on ha ha http://localhost:3055 {"timestamp":"2025-05-09T07:17:40.219Z"}
info: POST /v1/api/shop/handlerRefreshToken {"timestamp":"2025-05-09T07:17:45.100Z"}
info: POST /v1/api/shop/login {"timestamp":"2025-05-09T07:17:49.947Z"}
info: Home route hit {"timestamp":"2025-05-09T07:17:49.954Z"}
info: POST /v1/api/shop/login {"timestamp":"2025-05-09T07:17:53.220Z"}
info: Home route hit {"timestamp":"2025-05-09T07:17:53.225Z"}
info: POST /v1/api/shop/handlerRefreshToken {"timestamp":"2025-05-09T07:18:19.454Z"}
info: Server running on ha ha http://localhost:3055 {"timestamp":"2025-05-09T07:21:53.580Z"}
info: POST /v1/api/shop/login {"timestamp":"2025-05-09T07:21:55.924Z"}
info: Home route hit {"timestamp":"2025-05-09T07:21:55.941Z"}
info: POST /v1/api/shop/handlerRefreshToken {"timestamp":"2025-05-09T07:22:34.410Z"}
info: Server running on ha ha http://localhost:3055 {"timestamp":"2025-05-09T07:24:34.030Z"}
info: Server running on ha ha http://localhost:3055 {"timestamp":"2025-05-09T07:24:37.183Z"}
info: POST /v1/api/shop/handlerRefreshToken {"timestamp":"2025-05-09T07:25:03.251Z"}
info: Server running on ha ha http://localhost:3055 {"timestamp":"2025-05-09T07:27:05.349Z"}
info: POST /v1/api/shop/handlerRefreshToken {"timestamp":"2025-05-09T07:27:29.311Z"}
info: POST /v1/api/shop/login {"timestamp":"2025-05-09T07:27:33.066Z"}
info: Home route hit {"timestamp":"2025-05-09T07:27:33.071Z"}
info: POST /v1/api/shop/handlerRefreshToken {"timestamp":"2025-05-09T07:27:54.917Z"}
info: Server running on ha ha http://localhost:3055 {"timestamp":"2025-05-09T07:28:15.644Z"}
info: Server running on ha ha http://localhost:3055 {"timestamp":"2025-05-09T07:28:18.988Z"}
info: POST /v1/api/shop/login {"timestamp":"2025-05-09T07:28:27.246Z"}
info: Home route hit {"timestamp":"2025-05-09T07:28:27.264Z"}
info: POST /v1/api/shop/handlerRefreshToken {"timestamp":"2025-05-09T07:28:56.082Z"}
info: Server running on ha ha http://localhost:3055 {"timestamp":"2025-05-09T07:31:15.562Z"}
info: POST /v1/api/shop/handlerRefreshToken {"timestamp":"2025-05-09T07:31:44.700Z"}
info: Server running on ha ha http://localhost:3055 {"timestamp":"2025-05-09T07:33:16.856Z"}
info: Server running on ha ha http://localhost:3055 {"timestamp":"2025-05-09T07:33:43.480Z"}
info: POST /v1/api/shop/handlerRefreshToken {"timestamp":"2025-05-09T07:33:45.324Z"}
info: Server running on ha ha http://localhost:3055 {"timestamp":"2025-05-09T07:34:19.465Z"}
info: Server running on ha ha http://localhost:3055 {"timestamp":"2025-05-09T07:35:04.063Z"}
info: POST /v1/api/shop/handlerRefreshToken {"timestamp":"2025-05-09T07:35:09.877Z"}
info: Server running on ha ha http://localhost:3055 {"timestamp":"2025-05-09T07:36:59.853Z"}
info: POST /v1/api/shop/handlerRefreshToken {"timestamp":"2025-05-09T07:36:59.934Z"}
info: Server running on ha ha http://localhost:3055 {"timestamp":"2025-05-09T07:37:59.860Z"}
info: POST /v1/api/shop/handlerRefreshToken {"timestamp":"2025-05-09T07:38:03.388Z"}
info: Server running on ha ha http://localhost:3055 {"timestamp":"2025-05-09T07:39:09.673Z"}
info: Server running on ha ha http://localhost:3055 {"timestamp":"2025-05-09T07:40:01.084Z"}
info: POST /v1/api/shop/handlerRefreshToken {"timestamp":"2025-05-09T07:40:02.622Z"}
info: POST /v1/api/shop/handlerRefreshToken {"timestamp":"2025-05-09T07:40:06.791Z"}
info: Server running on ha ha http://localhost:3055 {"timestamp":"2025-05-09T07:40:18.872Z"}
info: POST /v1/api/shop/handlerRefreshToken {"timestamp":"2025-05-09T07:40:20.202Z"}
info: POST /v1/api/shop/handlerRefreshToken {"timestamp":"2025-05-09T07:40:21.442Z"}
info: Server running on ha ha http://localhost:3055 {"timestamp":"2025-05-09T07:40:35.621Z"}
info: POST /v1/api/shop/handlerRefreshToken {"timestamp":"2025-05-09T07:40:36.596Z"}
info: POST /v1/api/shop/handlerRefreshToken {"timestamp":"2025-05-09T07:40:38.482Z"}
info: Server running on ha ha http://localhost:3055 {"timestamp":"2025-05-09T07:41:30.780Z"}
info: POST /v1/api/shop/login {"timestamp":"2025-05-09T07:41:33.013Z"}
info: Home route hit {"timestamp":"2025-05-09T07:41:33.031Z"}
info: POST /v1/api/shop/handlerRefreshToken {"timestamp":"2025-05-09T07:41:56.578Z"}
info: POST /v1/api/shop/handlerRefreshToken {"timestamp":"2025-05-09T07:42:06.652Z"}
info: POST /v1/api/shop/handlerRefreshToken {"timestamp":"2025-05-09T07:42:21.995Z"}
info: Server running on ha ha http://localhost:3055 {"timestamp":"2025-05-09T07:42:38.257Z"}
info: Server running on ha ha http://localhost:3055 {"timestamp":"2025-05-09T07:42:49.557Z"}
info: POST /v1/api/shop/handlerRefreshToken {"timestamp":"2025-05-09T07:42:53.062Z"}
info: Server running on ha ha http://localhost:3055 {"timestamp":"2025-05-09T07:43:05.851Z"}
info: POST /v1/api/shop/handlerRefreshToken {"timestamp":"2025-05-09T07:43:08.553Z"}
